<?xml version="1.0" encoding="UTF-8"?>
<testsuite name="pasha.tests.rsv.tests.BaseStepSearchTests" tests="1" skipped="0" failures="0" errors="0" timestamp="2021-04-16T07:46:12" hostname="DESKTOP-F9751PS" time="23.823">
  <properties/>
  <testcase name="PageSearchTest()" classname="pasha.tests.rsv.tests.BaseStepSearchTests" time="23.823"/>
  <system-out><![CDATA[]]></system-out>
  <system-err><![CDATA[[Test worker] INFO com.codeborne.selenide.impl.WebDriverThreadLocalContainer - No webdriver is bound to current thread: 11 - let's create a new webdriver
апр 16, 2021 10:46:20 AM org.openqa.selenium.remote.ProtocolHandshake createSession
INFO: Detected dialect: W3C
[Test worker] INFO com.codeborne.selenide.webdriver.BrowserResizer - Set browser size to 1366x768
[Test worker] INFO com.codeborne.selenide.webdriver.WebDriverFactory - BrowserName=chrome Version=89.0.4389.72 Platform=LINUX
[Test worker] INFO com.codeborne.selenide.webdriver.WebDriverFactory - Selenide v. 5.20.1
[Test worker] INFO com.codeborne.selenide.webdriver.WebDriverFactory - Selenium WebDriver v. 3.141.59 build time: 2018-11-14T08:17:03
[Test worker] INFO com.codeborne.selenide.drivercommands.CreateDriverCommand - Create webdriver in current thread 11: RemoteWebDriver -> RemoteWebDriver: chrome on LINUX (6caec0652639f23c19e6ae183827c300)
]]></system-err>
</testsuite>
